<?xml version="1.0" encoding="UTF-8"?>
<testsuite name="jdev.dto.PointDTOTest" tests="1" skipped="0" failures="0" errors="0" timestamp="2023-07-18T04:07:11" hostname="LAPTOP-ILHI0USP" time="0.337">
  <properties/>
  <testcase name="toJson" classname="jdev.dto.PointDTOTest" time="0.337"/>
  <system-out><![CDATA[{"lat":56.0,"lon":74.0,"autoId":"o567gfd","time":1689653231911}
]]></system-out>
  <system-err><![CDATA[]]></system-err>
</testsuite>
